Arguments: 
  C:\Program Files\nodejs\node.exe D:\Program Files (x86)\Yarn\bin\yarn.js add express, pexpress-session

PATH: 
  D:\ProgramData\Anaconda3;D:\ProgramData\Anaconda3\Library\mingw-w64\bin;D:\ProgramData\Anaconda3\Library\usr\bin;D:\ProgramData\Anaconda3\Library\bin;D:\ProgramData\Anaconda3\Scripts;D:\app\JJ\virtual\product\12.2.0\dbhome_1\bin;C:\Windows\system32;C:\Windows;C:\Windows\System32\Wbem;C:\Windows\System32\WindowsPowerShell\v1.0\;C:\Windows\System32\OpenSSH\;C:\Program Files\Git\cmd;D:\app\Python\Python38;C:\Program Files\MySQL\MySQL Server 8.0\bin;C:\Program Files\Common Files\Autodesk Shared\;C:\Program Files\Microsoft SQL Server\120\Tools\Binn\;D:\Program Files (x86)\Yarn\bin\;C:\Users\88yan\.jdks\corretto-11.0.8-1\bin;C:\Program Files\nodejs\;C:\ProgramData\chocolatey\bin;D:\Program Files (x86)\QuickTime\QTSystem\;C:\Gradle\gradle-7.2\bin;C:\Program Files\MySQL\MySQL Shell 8.0\bin\;C:\Users\88yan\AppData\Local\Microsoft\WindowsApps;C:\Users\88yan\AppData\Local\Yarn\bin;C:\Users\88yan\AppData\Local\Programs\Microsoft VS Code\bin;C:\Users\88yan\AppData\Roaming\npm;C:\Users\88yan\.dotnet\tools;C:\Users\88yan\AppData\Local\atom\bin;C:\Program Files\JetBrains\IntelliJ IDEA Community Edition 2021.2\bin;C:\Users\88yan\AppData\Local\GitHubDesktop\bin;D:\Program Files\ffmpeg-4.4.1-full_build\bin;

Yarn version: 
  1.22.5

Node version: 
  14.17.0

Platform: 
  win32 x64

Trace: 
  Error: https://registry.yarnpkg.com/express,: Not found
      at Request.params.callback [as _callback] (D:\Program Files (x86)\Yarn\lib\cli.js:66097:18)
      at Request.self.callback (D:\Program Files (x86)\Yarn\lib\cli.js:140749:22)
      at Request.emit (events.js:376:20)
      at Request.<anonymous> (D:\Program Files (x86)\Yarn\lib\cli.js:141721:10)
      at Request.emit (events.js:376:20)
      at IncomingMessage.<anonymous> (D:\Program Files (x86)\Yarn\lib\cli.js:141643:12)
      at Object.onceWrapper (events.js:482:28)
      at IncomingMessage.emit (events.js:388:22)
      at endReadableNT (internal/streams/readable.js:1336:12)
      at processTicksAndRejections (internal/process/task_queues.js:82:21)

npm manifest: 
  No manifest

yarn manifest: 
  No manifest

Lockfile: 
  No lockfile
